<html>
<head>
<title>TestNG:  Api_Select</title>
<link href="../testng.css" rel="stylesheet" type="text/css" />
<link href="../my-testng.css" rel="stylesheet" type="text/css" />

<style type="text/css">
.log { display: none;} 
.stack-trace { display: none;} 
</style>
<script type="text/javascript">
<!--
function flip(e) {
  current = e.style.display;
  if (current == 'block') {
    e.style.display = 'none';
    return 0;
  }
  else {
    e.style.display = 'block';
    return 1;
  }
}

function toggleBox(szDivId, elem, msg1, msg2)
{
  var res = -1;  if (document.getElementById) {
    res = flip(document.getElementById(szDivId));
  }
  else if (document.all) {
    // this is the way old msie versions work
    res = flip(document.all[szDivId]);
  }
  if(elem) {
    if(res == 0) elem.innerHTML = msg1; else elem.innerHTML = msg2;
  }

}

function toggleAllBoxes() {
  if (document.getElementsByTagName) {
    d = document.getElementsByTagName('div');
    for (i = 0; i < d.length; i++) {
      if (d[i].className == 'log') {
        flip(d[i]);
      }
    }
  }
}

// -->
</script>

</head>
<body>
<h2 align='center'>Api_Select</h2><table border='1' align="center">
<tr>
<td>Tests passed/Failed/Skipped:</td><td>3/2/0</td>
</tr><tr>
<td>Started on:</td><td>Mon Aug 27 17:44:49 CST 2018</td>
</tr>
<tr><td>Total time:</td><td>1 seconds (1227 ms)</td>
</tr><tr>
<td>Included groups:</td><td></td>
</tr><tr>
<td>Excluded groups:</td><td></td>
</tr>
</table><p/>
<small><i>(Hover the method name to see the test class name)</i></small><p/>
<table width='100%' border='1' class='invocation-failed'>
<tr><td colspan='4' align='center'><b>FAILED TESTS</b></td></tr>
<tr><td><b>Test method</b></td>
<td width="30%"><b>Exception</b></td>
<td width="10%"><b>Time (seconds)</b></td>
<td><b>Instance</b></td>
</tr>
<tr>
<td title='finup.feather.controller.HttpRequest_TestNG_New.testMethod()'><b>testMethod</b><br>Test class: finup.feather.controller.HttpRequest_TestNG_New<br>Parameters: /api/v1/oneTagName#####{"channelId":"","param":{"idCardNum":"xyb76877f17d1588e080e4f2aa88d3c0361a40060626c877594a8fabe583b29bdf20160926"},"tagName":"TBA014"}<br/>
<a href="#Output-1287564344" onClick='toggleBox("Output-1287564344", this, "Show output", "Hide output");'>Show output</a>

<a href="#Output-1287564344" onClick="toggleAllBoxes();">Show all outputs</a>
<div class='log' id="Output-1287564344">
RunCount=2<br/>
</div>
</td>
<td><div><pre>java.lang.AssertionError: /api/v1/oneTagName#####{&quot;channelId&quot;:&quot;&quot;,&quot;param&quot;:{&quot;idCardNum&quot;:&quot;xyb76877f17d1588e080e4f2aa88d3c0361a40060626c877594a8fabe583b29bdf20160926&quot;},&quot;tagName&quot;:&quot;TBA014&quot;} expected [true] but found [false]
	at finup.feather.controller.HttpRequest_TestNG_New.testMethod(HttpRequest_TestNG_New.java:93)
	at java.util.concurrent.FutureTask.run(FutureTask.java:266)
	at java.util.concurrent.Executors$RunnableAdapter.call(Executors.java:511)
	at java.util.concurrent.FutureTask.run(FutureTask.java:266)
	at java.util.concurrent.ThreadPoolExecutor.runWorker(ThreadPoolExecutor.java:1142)
	at java.util.concurrent.ThreadPoolExecutor$Worker.run(ThreadPoolExecutor.java:617)
	at java.lang.Thread.run(Thread.java:745)
... Removed 12 stack frames</pre></div><a href='#' onClick='toggleBox("stack-trace1287564344", this, "Click to show all stack frames", "Click to hide stack frames")'>Click to show all stack frames</a>
<div class='stack-trace' id='stack-trace1287564344'><pre>java.lang.AssertionError: /api/v1/oneTagName#####{&quot;channelId&quot;:&quot;&quot;,&quot;param&quot;:{&quot;idCardNum&quot;:&quot;xyb76877f17d1588e080e4f2aa88d3c0361a40060626c877594a8fabe583b29bdf20160926&quot;},&quot;tagName&quot;:&quot;TBA014&quot;} expected [true] but found [false]
	at org.testng.Assert.fail(Assert.java:94)
	at org.testng.Assert.failNotEquals(Assert.java:496)
	at org.testng.Assert.assertTrue(Assert.java:42)
	at finup.feather.controller.HttpRequest_TestNG_New.testMethod(HttpRequest_TestNG_New.java:93)
	at sun.reflect.NativeMethodAccessorImpl.invoke0(Native Method)
	at sun.reflect.NativeMethodAccessorImpl.invoke(NativeMethodAccessorImpl.java:62)
	at sun.reflect.DelegatingMethodAccessorImpl.invoke(DelegatingMethodAccessorImpl.java:43)
	at java.lang.reflect.Method.invoke(Method.java:498)
	at org.testng.internal.MethodInvocationHelper.invokeMethod(MethodInvocationHelper.java:85)
	at org.testng.internal.Invoker.invokeMethod(Invoker.java:659)
	at org.testng.internal.Invoker.invokeTestMethod(Invoker.java:845)
	at org.testng.internal.TestMethodWithDataProviderMethodWorker.call(TestMethodWithDataProviderMethodWorker.java:75)
	at org.testng.internal.TestMethodWithDataProviderMethodWorker.call(TestMethodWithDataProviderMethodWorker.java:14)
	at java.util.concurrent.FutureTask.run(FutureTask.java:266)
	at java.util.concurrent.Executors$RunnableAdapter.call(Executors.java:511)
	at java.util.concurrent.FutureTask.run(FutureTask.java:266)
	at java.util.concurrent.ThreadPoolExecutor.runWorker(ThreadPoolExecutor.java:1142)
	at java.util.concurrent.ThreadPoolExecutor$Worker.run(ThreadPoolExecutor.java:617)
	at java.lang.Thread.run(Thread.java:745)
</pre></div></td>
<td>0</td>
<td>finup.feather.controller.HttpRequest_TestNG_New@60d8c9b7</td></tr>
<tr>
<td title='finup.feather.controller.HttpRequest_TestNG_New.testMethod()'><b>testMethod</b><br>Test class: finup.feather.controller.HttpRequest_TestNG_New<br>Parameters: /api/v1/crawler#####{"channelId":"5000","delayCount":0,"mkey":"id_num_biz","mvalue":"xyf00e31a0106460f951df9e99386cd78326e02c00f27fd0522cd645768e58e6de20160926","needDebugInfo":true,"recieveTime":1530854352476,"requestId":"9af7e31b73634e82b08f6db87bcca280","requestTime":0,"sync":false,"tagName":"TAOBAO_TRANS_DETAIL"}<br/>
<a href="#Output-646574110" onClick='toggleBox("Output-646574110", this, "Show output", "Hide output");'>Show output</a>

<a href="#Output-646574110" onClick="toggleAllBoxes();">Show all outputs</a>
<div class='log' id="Output-646574110">
RunCount=3<br/>
</div>
</td>
<td><div><pre>java.lang.AssertionError: /api/v1/crawler#####{&quot;channelId&quot;:&quot;5000&quot;,&quot;delayCount&quot;:0,&quot;mkey&quot;:&quot;id_num_biz&quot;,&quot;mvalue&quot;:&quot;xyf00e31a0106460f951df9e99386cd78326e02c00f27fd0522cd645768e58e6de20160926&quot;,&quot;needDebugInfo&quot;:true,&quot;recieveTime&quot;:1530854352476,&quot;requestId&quot;:&quot;9af7e31b73634e82b08f6db87bcca280&quot;,&quot;requestTime&quot;:0,&quot;sync&quot;:false,&quot;tagName&quot;:&quot;TAOBAO_TRANS_DETAIL&quot;} expected [true] but found [false]
	at finup.feather.controller.HttpRequest_TestNG_New.testMethod(HttpRequest_TestNG_New.java:93)
	at java.util.concurrent.FutureTask.run(FutureTask.java:266)
	at java.util.concurrent.Executors$RunnableAdapter.call(Executors.java:511)
	at java.util.concurrent.FutureTask.run(FutureTask.java:266)
	at java.util.concurrent.ThreadPoolExecutor.runWorker(ThreadPoolExecutor.java:1142)
	at java.util.concurrent.ThreadPoolExecutor$Worker.run(ThreadPoolExecutor.java:617)
	at java.lang.Thread.run(Thread.java:745)
... Removed 12 stack frames</pre></div><a href='#' onClick='toggleBox("stack-trace646574110", this, "Click to show all stack frames", "Click to hide stack frames")'>Click to show all stack frames</a>
<div class='stack-trace' id='stack-trace646574110'><pre>java.lang.AssertionError: /api/v1/crawler#####{&quot;channelId&quot;:&quot;5000&quot;,&quot;delayCount&quot;:0,&quot;mkey&quot;:&quot;id_num_biz&quot;,&quot;mvalue&quot;:&quot;xyf00e31a0106460f951df9e99386cd78326e02c00f27fd0522cd645768e58e6de20160926&quot;,&quot;needDebugInfo&quot;:true,&quot;recieveTime&quot;:1530854352476,&quot;requestId&quot;:&quot;9af7e31b73634e82b08f6db87bcca280&quot;,&quot;requestTime&quot;:0,&quot;sync&quot;:false,&quot;tagName&quot;:&quot;TAOBAO_TRANS_DETAIL&quot;} expected [true] but found [false]
	at org.testng.Assert.fail(Assert.java:94)
	at org.testng.Assert.failNotEquals(Assert.java:496)
	at org.testng.Assert.assertTrue(Assert.java:42)
	at finup.feather.controller.HttpRequest_TestNG_New.testMethod(HttpRequest_TestNG_New.java:93)
	at sun.reflect.NativeMethodAccessorImpl.invoke0(Native Method)
	at sun.reflect.NativeMethodAccessorImpl.invoke(NativeMethodAccessorImpl.java:62)
	at sun.reflect.DelegatingMethodAccessorImpl.invoke(DelegatingMethodAccessorImpl.java:43)
	at java.lang.reflect.Method.invoke(Method.java:498)
	at org.testng.internal.MethodInvocationHelper.invokeMethod(MethodInvocationHelper.java:85)
	at org.testng.internal.Invoker.invokeMethod(Invoker.java:659)
	at org.testng.internal.Invoker.invokeTestMethod(Invoker.java:845)
	at org.testng.internal.TestMethodWithDataProviderMethodWorker.call(TestMethodWithDataProviderMethodWorker.java:75)
	at org.testng.internal.TestMethodWithDataProviderMethodWorker.call(TestMethodWithDataProviderMethodWorker.java:14)
	at java.util.concurrent.FutureTask.run(FutureTask.java:266)
	at java.util.concurrent.Executors$RunnableAdapter.call(Executors.java:511)
	at java.util.concurrent.FutureTask.run(FutureTask.java:266)
	at java.util.concurrent.ThreadPoolExecutor.runWorker(ThreadPoolExecutor.java:1142)
	at java.util.concurrent.ThreadPoolExecutor$Worker.run(ThreadPoolExecutor.java:617)
	at java.lang.Thread.run(Thread.java:745)
</pre></div></td>
<td>0</td>
<td>finup.feather.controller.HttpRequest_TestNG_New@60d8c9b7</td></tr>
<tr>
<td title='finup.feather.controller.HttpRequest_TestNG_New.testMethod()'><b>testMethod</b><br>Test class: finup.feather.controller.HttpRequest_TestNG_New<br>Parameters: /api/v1/crawler#####{"channelId":"5000","delayCount":0,"mkey":"id_num_biz","mvalue":"xyf00e31a0106460f951df9e99386cd78326e02c00f27fd0522cd645768e58e6de20160926","needDebugInfo":true,"recieveTime":1530854352476,"requestId":"9af7e31b73634e82b08f6db87bcca280","requestTime":0,"sync":false,"tagName":"TAOBAO_TRANS_DETAIL"}</td>
<td><div><pre>java.lang.AssertionError: /api/v1/crawler#####{&quot;channelId&quot;:&quot;5000&quot;,&quot;delayCount&quot;:0,&quot;mkey&quot;:&quot;id_num_biz&quot;,&quot;mvalue&quot;:&quot;xyf00e31a0106460f951df9e99386cd78326e02c00f27fd0522cd645768e58e6de20160926&quot;,&quot;needDebugInfo&quot;:true,&quot;recieveTime&quot;:1530854352476,&quot;requestId&quot;:&quot;9af7e31b73634e82b08f6db87bcca280&quot;,&quot;requestTime&quot;:0,&quot;sync&quot;:false,&quot;tagName&quot;:&quot;TAOBAO_TRANS_DETAIL&quot;} expected [true] but found [false]
	at finup.feather.controller.HttpRequest_TestNG_New.testMethod(HttpRequest_TestNG_New.java:93)
	at java.util.concurrent.FutureTask.run(FutureTask.java:266)
	at java.util.concurrent.Executors$RunnableAdapter.call(Executors.java:511)
	at java.util.concurrent.FutureTask.run(FutureTask.java:266)
	at java.util.concurrent.ThreadPoolExecutor.runWorker(ThreadPoolExecutor.java:1142)
	at java.util.concurrent.ThreadPoolExecutor$Worker.run(ThreadPoolExecutor.java:617)
	at java.lang.Thread.run(Thread.java:745)
... Removed 12 stack frames</pre></div><a href='#' onClick='toggleBox("stack-trace812933450", this, "Click to show all stack frames", "Click to hide stack frames")'>Click to show all stack frames</a>
<div class='stack-trace' id='stack-trace812933450'><pre>java.lang.AssertionError: /api/v1/crawler#####{&quot;channelId&quot;:&quot;5000&quot;,&quot;delayCount&quot;:0,&quot;mkey&quot;:&quot;id_num_biz&quot;,&quot;mvalue&quot;:&quot;xyf00e31a0106460f951df9e99386cd78326e02c00f27fd0522cd645768e58e6de20160926&quot;,&quot;needDebugInfo&quot;:true,&quot;recieveTime&quot;:1530854352476,&quot;requestId&quot;:&quot;9af7e31b73634e82b08f6db87bcca280&quot;,&quot;requestTime&quot;:0,&quot;sync&quot;:false,&quot;tagName&quot;:&quot;TAOBAO_TRANS_DETAIL&quot;} expected [true] but found [false]
	at org.testng.Assert.fail(Assert.java:94)
	at org.testng.Assert.failNotEquals(Assert.java:496)
	at org.testng.Assert.assertTrue(Assert.java:42)
	at finup.feather.controller.HttpRequest_TestNG_New.testMethod(HttpRequest_TestNG_New.java:93)
	at sun.reflect.NativeMethodAccessorImpl.invoke0(Native Method)
	at sun.reflect.NativeMethodAccessorImpl.invoke(NativeMethodAccessorImpl.java:62)
	at sun.reflect.DelegatingMethodAccessorImpl.invoke(DelegatingMethodAccessorImpl.java:43)
	at java.lang.reflect.Method.invoke(Method.java:498)
	at org.testng.internal.MethodInvocationHelper.invokeMethod(MethodInvocationHelper.java:85)
	at org.testng.internal.Invoker.invokeMethod(Invoker.java:659)
	at org.testng.internal.Invoker.retryFailed(Invoker.java:991)
	at org.testng.internal.TestMethodWithDataProviderMethodWorker.call(TestMethodWithDataProviderMethodWorker.java:96)
	at org.testng.internal.TestMethodWithDataProviderMethodWorker.call(TestMethodWithDataProviderMethodWorker.java:14)
	at java.util.concurrent.FutureTask.run(FutureTask.java:266)
	at java.util.concurrent.Executors$RunnableAdapter.call(Executors.java:511)
	at java.util.concurrent.FutureTask.run(FutureTask.java:266)
	at java.util.concurrent.ThreadPoolExecutor.runWorker(ThreadPoolExecutor.java:1142)
	at java.util.concurrent.ThreadPoolExecutor$Worker.run(ThreadPoolExecutor.java:617)
	at java.lang.Thread.run(Thread.java:745)
</pre></div></td>
<td>0</td>
<td>finup.feather.controller.HttpRequest_TestNG_New@60d8c9b7</td></tr>
<tr>
<td title='finup.feather.controller.HttpRequest_TestNG_New.testMethod()'><b>testMethod</b><br>Test class: finup.feather.controller.HttpRequest_TestNG_New<br>Parameters: /api/v1/oneTagName#####{"channelId":"","param":{"idCardNum":"xyb76877f17d1588e080e4f2aa88d3c0361a40060626c877594a8fabe583b29bdf20160926"},"tagName":"TBA014"}</td>
<td><div><pre>java.lang.AssertionError: /api/v1/oneTagName#####{&quot;channelId&quot;:&quot;&quot;,&quot;param&quot;:{&quot;idCardNum&quot;:&quot;xyb76877f17d1588e080e4f2aa88d3c0361a40060626c877594a8fabe583b29bdf20160926&quot;},&quot;tagName&quot;:&quot;TBA014&quot;} expected [true] but found [false]
	at finup.feather.controller.HttpRequest_TestNG_New.testMethod(HttpRequest_TestNG_New.java:93)
	at java.util.concurrent.FutureTask.run(FutureTask.java:266)
	at java.util.concurrent.Executors$RunnableAdapter.call(Executors.java:511)
	at java.util.concurrent.FutureTask.run(FutureTask.java:266)
	at java.util.concurrent.ThreadPoolExecutor.runWorker(ThreadPoolExecutor.java:1142)
	at java.util.concurrent.ThreadPoolExecutor$Worker.run(ThreadPoolExecutor.java:617)
	at java.lang.Thread.run(Thread.java:745)
... Removed 12 stack frames</pre></div><a href='#' onClick='toggleBox("stack-trace1902007927", this, "Click to show all stack frames", "Click to hide stack frames")'>Click to show all stack frames</a>
<div class='stack-trace' id='stack-trace1902007927'><pre>java.lang.AssertionError: /api/v1/oneTagName#####{&quot;channelId&quot;:&quot;&quot;,&quot;param&quot;:{&quot;idCardNum&quot;:&quot;xyb76877f17d1588e080e4f2aa88d3c0361a40060626c877594a8fabe583b29bdf20160926&quot;},&quot;tagName&quot;:&quot;TBA014&quot;} expected [true] but found [false]
	at org.testng.Assert.fail(Assert.java:94)
	at org.testng.Assert.failNotEquals(Assert.java:496)
	at org.testng.Assert.assertTrue(Assert.java:42)
	at finup.feather.controller.HttpRequest_TestNG_New.testMethod(HttpRequest_TestNG_New.java:93)
	at sun.reflect.NativeMethodAccessorImpl.invoke0(Native Method)
	at sun.reflect.NativeMethodAccessorImpl.invoke(NativeMethodAccessorImpl.java:62)
	at sun.reflect.DelegatingMethodAccessorImpl.invoke(DelegatingMethodAccessorImpl.java:43)
	at java.lang.reflect.Method.invoke(Method.java:498)
	at org.testng.internal.MethodInvocationHelper.invokeMethod(MethodInvocationHelper.java:85)
	at org.testng.internal.Invoker.invokeMethod(Invoker.java:659)
	at org.testng.internal.Invoker.retryFailed(Invoker.java:991)
	at org.testng.internal.TestMethodWithDataProviderMethodWorker.call(TestMethodWithDataProviderMethodWorker.java:96)
	at org.testng.internal.TestMethodWithDataProviderMethodWorker.call(TestMethodWithDataProviderMethodWorker.java:14)
	at java.util.concurrent.FutureTask.run(FutureTask.java:266)
	at java.util.concurrent.Executors$RunnableAdapter.call(Executors.java:511)
	at java.util.concurrent.FutureTask.run(FutureTask.java:266)
	at java.util.concurrent.ThreadPoolExecutor.runWorker(ThreadPoolExecutor.java:1142)
	at java.util.concurrent.ThreadPoolExecutor$Worker.run(ThreadPoolExecutor.java:617)
	at java.lang.Thread.run(Thread.java:745)
</pre></div></td>
<td>0</td>
<td>finup.feather.controller.HttpRequest_TestNG_New@60d8c9b7</td></tr>
</table><p>
<table width='100%' border='1' class='invocation-passed'>
<tr><td colspan='4' align='center'><b>PASSED TESTS</b></td></tr>
<tr><td><b>Test method</b></td>
<td width="30%"><b>Exception</b></td>
<td width="10%"><b>Time (seconds)</b></td>
<td><b>Instance</b></td>
</tr>
<tr>
<td title='finup.feather.controller.HttpRequest_TestNG_New.testMethod()'><b>testMethod</b><br>Test class: finup.feather.controller.HttpRequest_TestNG_New<br>Parameters: /api/v1/submitTask#####{"tagIds":"7001,7002,7003","params":{"idCardNum":"xy00a2ad774a9bd9eb06d7fff65a3157858eeb4ac24d587db8ba441c882490633e20160926"},"channelId":"200"}</td>
<td></td>
<td>0</td>
<td>finup.feather.controller.HttpRequest_TestNG_New@60d8c9b7</td></tr>
<tr>
<td title='finup.feather.controller.HttpRequest_TestNG_New.testMethod()'><b>testMethod</b><br>Test class: finup.feather.controller.HttpRequest_TestNG_New<br>Parameters: /api/v1/submitTask#####{"tagIds":"2001","params":{"idCardNum":"xy00a2ad774a9bd9eb06d7fff65a3157858eeb4ac24d587db8ba441c882490633e20160926"},"channelId":"200"}</td>
<td></td>
<td>0</td>
<td>finup.feather.controller.HttpRequest_TestNG_New@60d8c9b7</td></tr>
<tr>
<td title='finup.feather.controller.HttpRequest_TestNG_New.testMethod()'><b>testMethod</b><br>Test class: finup.feather.controller.HttpRequest_TestNG_New<br>Parameters: /api/v1/doUtcSync#####{"channelId":"5000","params":{"idCardNum":"xyb76877f17d1588e080e4f2aa88d3c0361a40060626c877594a8fabe583b29bdf20160926"},"tagName":"TBA014"}</td>
<td></td>
<td>1</td>
<td>finup.feather.controller.HttpRequest_TestNG_New@60d8c9b7</td></tr>
</table><p>
</body>
</html>